Using pre-set license
Built from '2021.3/staging' branch; Version is '2021.3.0f1 (6eacc8284459) revision 7253192'; Using compiler version '192829333'; Build Type 'Release'
OS: 'Windows 10  (10.0.19045) 64bit Core' Language: 'tr' Physical Memory: 8004 MB
BatchMode: 1, IsHumanControllingUs: 0, StartBugReporterOnCrash: 0, Is64bit: 1, IsPro: 1

COMMAND LINE ARGUMENTS:
C:\Program Files\Unity\Hub\Editor\2021.3.0f1\Editor\Unity.exe
-adb2
-batchMode
-noUpm
-name
AssetImportWorker0
-projectPath
C:/Users/Lykiars/Documents/GitHub/Garage-DIY/Shader Graph
-logFile
Logs/AssetImportWorker0.log
-srvPort
53211
Successfully changed project path to: C:/Users/Lykiars/Documents/GitHub/Garage-DIY/Shader Graph
C:/Users/Lykiars/Documents/GitHub/Garage-DIY/Shader Graph
[UnityMemory] Configuration Parameters - Can be set up in boot.config
    "memorysetup-bucket-allocator-granularity=16"
    "memorysetup-bucket-allocator-bucket-count=8"
    "memorysetup-bucket-allocator-block-size=33554432"
    "memorysetup-bucket-allocator-block-count=8"
    "memorysetup-main-allocator-block-size=16777216"
    "memorysetup-thread-allocator-block-size=16777216"
    "memorysetup-gfx-main-allocator-block-size=16777216"
    "memorysetup-gfx-thread-allocator-block-size=16777216"
    "memorysetup-cache-allocator-block-size=4194304"
    "memorysetup-typetree-allocator-block-size=2097152"
    "memorysetup-profiler-bucket-allocator-granularity=16"
    "memorysetup-profiler-bucket-allocator-bucket-count=8"
    "memorysetup-profiler-bucket-allocator-block-size=33554432"
    "memorysetup-profiler-bucket-allocator-block-count=8"
    "memorysetup-profiler-allocator-block-size=16777216"
    "memorysetup-profiler-editor-allocator-block-size=1048576"
    "memorysetup-temp-allocator-size-main=16777216"
    "memorysetup-job-temp-allocator-block-size=2097152"
    "memorysetup-job-temp-allocator-block-size-background=1048576"
    "memorysetup-job-temp-allocator-reduction-small-platforms=262144"
    "memorysetup-temp-allocator-size-background-worker=32768"
    "memorysetup-temp-allocator-size-job-worker=262144"
    "memorysetup-temp-allocator-size-preload-manager=33554432"
    "memorysetup-temp-allocator-size-nav-mesh-worker=65536"
    "memorysetup-temp-allocator-size-audio-worker=65536"
    "memorysetup-temp-allocator-size-cloud-worker=32768"
    "memorysetup-temp-allocator-size-gi-baking-worker=262144"
    "memorysetup-temp-allocator-size-gfx=262144"
Refreshing native plugins compatible for Editor in 159.29 ms, found 3 plugins.
Preloading 0 native plugins for Editor in 0.00 ms.
Initialize engine version: 2021.3.0f1 (6eacc8284459)
[Subsystems] Discovering subsystems at path C:/Program Files/Unity/Hub/Editor/2021.3.0f1/Editor/Data/Resources/UnitySubsystems
[Subsystems] Discovering subsystems at path C:/Users/Lykiars/Documents/GitHub/Garage-DIY/Shader Graph/Assets
GfxDevice: creating device client; threaded=0; jobified=0
Direct3D:
    Version:  Direct3D 11.0 [level 11.0]
    Renderer: NVIDIA GeForce GTX 960M (ID=0x139b)
    Vendor:   NVIDIA
    VRAM:     4051 MB
    Driver:   31.0.15.2849
Initialize mono
Mono path[0] = 'C:/Program Files/Unity/Hub/Editor/2021.3.0f1/Editor/Data/Managed'
Mono path[1] = 'C:/Program Files/Unity/Hub/Editor/2021.3.0f1/Editor/Data/MonoBleedingEdge/lib/mono/unityjit-win32'
Mono config path = 'C:/Program Files/Unity/Hub/Editor/2021.3.0f1/Editor/Data/MonoBleedingEdge/etc'
Using monoOptions --debugger-agent=transport=dt_socket,embedding=1,server=y,suspend=n,address=127.0.0.1:56512
Begin MonoManager ReloadAssembly
Registering precompiled unity dll's ...
Register platform support module: C:/Program Files/Unity/Hub/Editor/2021.3.0f1/Editor/Data/PlaybackEngines/WindowsStandaloneSupport/UnityEditor.WindowsStandalone.Extensions.dll
Registered in 0.010976 seconds.
Native extension for WindowsStandalone target not found
Refreshing native plugins compatible for Editor in 132.06 ms, found 3 plugins.
Preloading 0 native plugins for Editor in 0.00 ms.
Mono: successfully reloaded assembly
- Completed reload, in  0.952 seconds
Domain Reload Profiling:
	ReloadAssembly (953ms)
		BeginReloadAssembly (152ms)
			ExecutionOrderSort (0ms)
			DisableScriptedObjects (0ms)
			BackupInstance (0ms)
			ReleaseScriptingObjects (0ms)
			CreateAndSetChildDomain (1ms)
		EndReloadAssembly (641ms)
			LoadAssemblies (149ms)
			RebuildTransferFunctionScriptingTraits (0ms)
			SetupTypeCache (151ms)
			ReleaseScriptCaches (0ms)
			RebuildScriptCaches (41ms)
			SetupLoadedEditorAssemblies (380ms)
				LogAssemblyErrors (0ms)
				InitializePlatformSupportModulesInManaged (11ms)
				SetLoadedEditorAssemblies (0ms)
				RefreshPlugins (132ms)
				BeforeProcessingInitializeOnLoad (1ms)
				ProcessInitializeOnLoadAttributes (170ms)
				ProcessInitializeOnLoadMethodAttributes (64ms)
				AfterProcessingInitializeOnLoad (0ms)
				EditorAssembliesLoaded (0ms)
			ExecutionOrderSort2 (0ms)
			AwakeInstancesAfterBackupRestoration (0ms)
Platform modules already initialized, skipping
Registering precompiled user dll's ...
Registered in 0.008304 seconds.
Begin MonoManager ReloadAssembly
Symbol file LoadedFromMemory doesn't match image C:\Users\Lykiars\Documents\GitHub\Garage-DIY\Shader Graph\Library\PackageCache\com.unity.visualscripting@1.7.6\Editor\VisualScripting.Core\Dependencies\YamlDotNet\Unity.VisualScripting.YamlDotNet.dll
Symbol file LoadedFromMemory is not a mono symbol file
Symbol file LoadedFromMemory doesn't match image C:\Users\Lykiars\Documents\GitHub\Garage-DIY\Shader Graph\Library\PackageCache\com.unity.visualscripting@1.7.6\Editor\VisualScripting.Core\Dependencies\DotNetZip\Unity.VisualScripting.IonicZip.dll
Native extension for WindowsStandalone target not found
Refreshing native plugins compatible for Editor in 124.36 ms, found 3 plugins.
Preloading 0 native plugins for Editor in 0.00 ms.
Mono: successfully reloaded assembly
- Completed reload, in  1.762 seconds
Domain Reload Profiling:
	ReloadAssembly (1763ms)
		BeginReloadAssembly (172ms)
			ExecutionOrderSort (0ms)
			DisableScriptedObjects (8ms)
			BackupInstance (0ms)
			ReleaseScriptingObjects (0ms)
			CreateAndSetChildDomain (32ms)
		EndReloadAssembly (1412ms)
			LoadAssemblies (174ms)
			RebuildTransferFunctionScriptingTraits (0ms)
			SetupTypeCache (373ms)
			ReleaseScriptCaches (1ms)
			RebuildScriptCaches (72ms)
			SetupLoadedEditorAssemblies (748ms)
				LogAssemblyErrors (0ms)
				InitializePlatformSupportModulesInManaged (7ms)
				SetLoadedEditorAssemblies (0ms)
				RefreshPlugins (124ms)
				BeforeProcessingInitializeOnLoad (150ms)
				ProcessInitializeOnLoadAttributes (312ms)
				ProcessInitializeOnLoadMethodAttributes (135ms)
				AfterProcessingInitializeOnLoad (20ms)
				EditorAssembliesLoaded (0ms)
			ExecutionOrderSort2 (0ms)
			AwakeInstancesAfterBackupRestoration (9ms)
Platform modules already initialized, skipping
========================================================================
Worker process is ready to serve import requests
Launched and connected shader compiler UnityShaderCompiler.exe after 0.08 seconds
Refreshing native plugins compatible for Editor in 1.84 ms, found 3 plugins.
Preloading 0 native plugins for Editor in 0.00 ms.
Unloading 4187 Unused Serialized files (Serialized files now loaded: 0)
Unloading 25 unused Assets / (67.0 MB). Loaded Objects now: 4646.
Memory consumption went from 145.1 MB to 78.0 MB.
Total: 10.160400 ms (FindLiveObjects: 0.511000 ms CreateObjectMapping: 0.521900 ms MarkObjects: 8.721600 ms  DeleteObjects: 0.404100 ms)

AssetImportParameters requested are different than current active one (requested -> active):
  custom:video-decoder-ogg-theora: a1e56fd34408186e4bbccfd4996cb3dc -> 
  custom:container-muxer-webm: aa71ff27fc2769a1b78a27578f13a17b -> 
  custom:container-demuxer-webm: 4f35f7cbe854078d1ac9338744f61a02 -> 
  custom:video-encoder-webm-vp8: eb34c28f22e8b96e1ab97ce403110664 -> 
  custom:audio-encoder-webm-vorbis: bf7c407c2cedff20999df2af8eb42d56 -> 
  custom:framework-win-MediaFoundation: 216162199b28c13a410421893ffa2e32 -> 
  custom:container-demuxer-ogg: 62fdf1f143b41e24485cea50d1cbac27 -> 
  custom:video-decoder-webm-vp8: 9c59270c3fd7afecdb556c50c9e8de78 -> 
  custom:audio-decoder-ogg-vorbis: bf7c407c2cedff20999df2af8eb42d56 -> 
========================================================================
Received Import Request.
  Time since last request: 78333.250368 seconds.
  path: Assets/Shader Graphs_RedLit.mat
  artifactKey: Guid(aa5ad7eb0b2778c49b5e6781eb2f6489) Importer(815301076,1909f56bfc062723c751e8b465ee728b)
Start importing Assets/Shader Graphs_RedLit.mat using Guid(aa5ad7eb0b2778c49b5e6781eb2f6489) Importer(815301076,1909f56bfc062723c751e8b465ee728b)  -> (artifact id: '47c9339916faf72091e904a654d2d1b8') in 0.257683 seconds 
========================================================================
Received Import Request.
  Time since last request: 680.370958 seconds.
  path: Assets/Zombunny
  artifactKey: Guid(51d4c8fd2d303412abcaf93c06ce9b9c) Importer(815301076,1909f56bfc062723c751e8b465ee728b)
Start importing Assets/Zombunny using Guid(51d4c8fd2d303412abcaf93c06ce9b9c) Importer(815301076,1909f56bfc062723c751e8b465ee728b)  -> (artifact id: '89c39921db718fe45675c29a346418b3') in 0.010514 seconds 
========================================================================
Received Import Request.
  Time since last request: 0.024529 seconds.
  path: Assets/Zombunny/Zombunny.fbx
  artifactKey: Guid(f5715d9e21bc444a19fc4a020064351b) Importer(815301076,1909f56bfc062723c751e8b465ee728b)
Start importing Assets/Zombunny/Zombunny.fbx using Guid(f5715d9e21bc444a19fc4a020064351b) Importer(815301076,1909f56bfc062723c751e8b465ee728b)  -> (artifact id: 'a134d321509830aa82352050fb2ae120') in 0.176968 seconds 
========================================================================
Received Import Request.
  Time since last request: 110.436682 seconds.
  path: Assets/Zombunny/New Shader Graph.shadergraph
  artifactKey: Guid(b4b9b727752834d4ebba265729663798) Importer(815301076,1909f56bfc062723c751e8b465ee728b)
Start importing Assets/Zombunny/New Shader Graph.shadergraph using Guid(b4b9b727752834d4ebba265729663798) Importer(815301076,1909f56bfc062723c751e8b465ee728b)  -> (artifact id: '061760f9619f8b337a7382f6747aec2c') in 0.029468 seconds 
========================================================================
Received Import Request.
  Time since last request: 9.960895 seconds.
  path: Assets/Zombunny/FlatSingleCOlor.shadergraph
  artifactKey: Guid(b4b9b727752834d4ebba265729663798) Importer(815301076,1909f56bfc062723c751e8b465ee728b)
Start importing Assets/Zombunny/FlatSingleCOlor.shadergraph using Guid(b4b9b727752834d4ebba265729663798) Importer(815301076,1909f56bfc062723c751e8b465ee728b)  -> (artifact id: 'db793f8ad73cc74a1c5d1228fab05cf8') in 0.012800 seconds 
========================================================================
Received Import Request.
  Time since last request: 502.010394 seconds.
  path: Assets/Zombunny/Shader Graphs_FlatSingleCOlor.mat
  artifactKey: Guid(39e420a6f7422b748ac965bf14c291d7) Importer(815301076,1909f56bfc062723c751e8b465ee728b)
Start importing Assets/Zombunny/Shader Graphs_FlatSingleCOlor.mat using Guid(39e420a6f7422b748ac965bf14c291d7) Importer(815301076,1909f56bfc062723c751e8b465ee728b)  -> (artifact id: '42faa793f055087f19a9134c3b15b24c') in 0.034682 seconds 
========================================================================
Received Import Request.
  Time since last request: 322.635907 seconds.
  path: Assets/Zombunny/FlatSingleCOlor.shadergraph
  artifactKey: Guid(b4b9b727752834d4ebba265729663798) Importer(815301076,1909f56bfc062723c751e8b465ee728b)
Start importing Assets/Zombunny/FlatSingleCOlor.shadergraph using Guid(b4b9b727752834d4ebba265729663798) Importer(815301076,1909f56bfc062723c751e8b465ee728b)  -> (artifact id: 'b38b79e4e9affb2550f30250b3d1dc8d') in 0.006266 seconds 
========================================================================
Received Import Request.
  Time since last request: 76.986863 seconds.
  path: Assets/Zombunny/Shader Graphs_FlatSingleCOlor.mat
  artifactKey: Guid(39e420a6f7422b748ac965bf14c291d7) Importer(815301076,1909f56bfc062723c751e8b465ee728b)
Start importing Assets/Zombunny/Shader Graphs_FlatSingleCOlor.mat using Guid(39e420a6f7422b748ac965bf14c291d7) Importer(815301076,1909f56bfc062723c751e8b465ee728b)  -> (artifact id: '666d90aabcb1086d15e90bce7cbd0038') in 0.833007 seconds 
